ELAPSED_TIME 8277
ELAPSED_TIME 1054
FPS: 9.19
FPS: 11.72
ELAPSED_TIME 851
ELAPSED_TIME 1007
FPS: 11.92
ELAPSED_TIME 938
FPS: 10.76
FPS: 11.30
ELAPSED_TIME 1671
ELAPSED_TIME 1008
FPS: 11.97
ELAPSED_TIME 997
ELAPSED_TIME 125
FPS: 11.86
ELAPSED_TIME 668
ELAPSED_TIME 997
ELAPSED_TIME 511
FPS: 10.25
FPS: 10.40
ELAPSED_TIME 1514
FPS: 10.00
ELAPSED_TIME 1037
ELAPSED_TIME 993
ELAPSED_TIME 999
ELAPSED_TIME 628
ELAPSED_TIME 1000
FPS: 11.22
ELAPSED_TIME 1001
ELAPSED_TIME 1628
ELAPSED_TIME 1002
FPS: 12.35
ELAPSED_TIME 994
ELAPSED_TIME 993
ELAPSED_TIME 513
FPS: 10.59
ELAPSED_TIME 1014
ELAPSED_TIME 1015
ELAPSED_TIME 1511
ELAPSED_TIME 1016
ELAPSED_TIME 998
FPS: 12.43
ELAPSED_TIME 1011
ELAPSED_TIME 1031
ELAPSED_TIME 988
FPS: 10.66
ELAPSED_TIME 1511
FPS: 10.14
ELAPSED_TIME 1119
ELAPSED_TIME 935
FPS: 11.29
ELAPSED_TIME 1000
ELAPSED_TIME 164
FPS: 10.66
ELAPSED_TIME 1509
ELAPSED_TIME 1511
ELAPSED_TIME 882
ELAPSED_TIME 1001
FPS: 11.32
ELAPSED_TIME 1008
FPS: 12.29
ELAPSED_TIME 1025
ELAPSED_TIME 997
ELAPSED_TIME 293
ELAPSED_TIME 709
FPS: 12.34
ELAPSED_TIME 1002
ELAPSED_TIME 1004
FPS: 12.62
ELAPSED_TIME 956
ELAPSED_TIME 1018
FPS: 11.33
ELAPSED_TIME 1001
ELAPSED_TIME 1004
FPS: 12.41
ELAPSED_TIME 1020
ELAPSED_TIME 1011
FPS: 12.22
ELAPSED_TIME 993
ELAPSED_TIME 1021
ELAPSED_TIME 951
FPS: 12.46
ELAPSED_TIME 194
ELAPSED_TIME 1132
ELAPSED_TIME 1507
ELAPSED_TIME 188
FPS: 12.10
ELAPSED_TIME 901
ELAPSED_TIME 1005
FPS: 12.88
ELAPSED_TIME 977
ELAPSED_TIME 1005
FPS: 12.20
ELAPSED_TIME 1001
ELAPSED_TIME 1002
FPS: 9.66
ELAPSED_TIME 903
ELAPSED_TIME 928
FPS: 10.29
FPS: 9.36
ELAPSED_TIME 1002
ELAPSED_TIME 1000
ELAPSED_TIME 993
FPS: 10.73
FPS: 11.81
ELAPSED_TIME 983
ELAPSED_TIME 931
FPS: 10.66
ELAPSED_TIME 911
ELAPSED_TIME 1004
FPS: 9.31
ELAPSED_TIME 1060
ELAPSED_TIME 1087
ELAPSED_TIME 998
ELAPSED_TIME 1004
FPS: 9.20
ELAPSED_TIME 1126
ELAPSED_TIME 1026
FPS: 10.18
FPS: 9.40
ELAPSED_TIME 861
FPS: 9.84
ELAPSED_TIME 1016
FPS: 9.09
ELAPSED_TIME 999
ELAPSED_TIME 1059
ELAPSED_TIME 1005
ELAPSED_TIME 558
FPS: 9.53
ELAPSED_TIME 976
FPS: 8.90
ELAPSED_TIME 974
ELAPSED_TIME 1513
ELAPSED_TIME 998
ELAPSED_TIME 979
FPS: 9.69
FPS: 10.99
ELAPSED_TIME 1644
ELAPSED_TIME 946
FPS: 9.34
ELAPSED_TIME 1001
FPS: 8.34
ELAPSED_TIME 998
ELAPSED_TIME 995
FPS: 8.10
ELAPSED_TIME 826
FPS: 8.51
ELAPSED_TIME 1005
FPS: 11.83
ELAPSED_TIME 997
ELAPSED_TIME 1520
FPS: 10.75
ELAPSED_TIME 910
FPS: 8.40
FPS: 9.79
FPS: 9.98
ELAPSED_TIME 1102
FPS: 7.47
ELAPSED_TIME 990
FPS: 8.04
FPS: 10.35
ELAPSED_TIME 1524
FPS: 10.66
FPS: 10.09