FPS: 7.64
FPS: 4.85
FPS: 9.97
ELAPSED_TIME 1008
ELAPSED_TIME 1002
ELAPSED_TIME 990
ELAPSED_TIME 992
FPS: 9.26
ELAPSED_TIME 839
FPS: 8.60
ELAPSED_TIME 992
ELAPSED_TIME 1006
ELAPSED_TIME 1056
FPS: 9.14
ELAPSED_TIME 1001
FPS: 8.85
ELAPSED_TIME 1019
FPS: 8.92
FPS: 8.53
ELAPSED_TIME 888
ELAPSED_TIME 1017
FPS: 9.80
FPS: 9.64
ELAPSED_TIME 991
ELAPSED_TIME 1004
ELAPSED_TIME 1001
FPS: 10.02
ELAPSED_TIME 1003
FPS: 9.31
FPS: 10.37
ELAPSED_TIME 922
ELAPSED_TIME 911
FPS: 10.15
ELAPSED_TIME 1004
ELAPSED_TIME 1008
ELAPSED_TIME 1008
FPS: 10.98
ELAPSED_TIME 1520
ELAPSED_TIME 1002
FPS: 10.85
ELAPSED_TIME 972
ELAPSED_TIME 867
ELAPSED_TIME 1002
FPS: 11.13
ELAPSED_TIME 1119
FPS: 11.55
FPS: 10.81
FPS: 9.28
FPS: 8.54
ELAPSED_TIME 999
ELAPSED_TIME 992
FPS: 9.24
FPS: 7.33
ELAPSED_TIME 992
FPS: 6.81
FPS: 8.11
FPS: 9.38
ELAPSED_TIME 1006
ELAPSED_TIME 531
ELAPSED_TIME 1019
FPS: 11.32
ELAPSED_TIME 1074
FPS: 10.89
FPS: 9.83
ELAPSED_TIME 71
ELAPSED_TIME 906
FPS: 10.70
ELAPSED_TIME 1001
FPS: 5.72
ELAPSED_TIME 1000
FPS: 9.45
ELAPSED_TIME 1006
ELAPSED_TIME 999
FPS: 7.87
ELAPSED_TIME 1029
ELAPSED_TIME 625
FPS: 10.10
ELAPSED_TIME 985
FPS: 9.04
ELAPSED_TIME 891
ELAPSED_TIME 1005
FPS: 8.53
FPS: 8.33
FPS: 6.88
ELAPSED_TIME 938
ELAPSED_TIME 1002
FPS: 7.65
FPS: 7.51
FPS: 4.28
ELAPSED_TIME 985
ELAPSED_TIME 1595
FPS: 7.86
ELAPSED_TIME 1003
FPS: 6.63
ELAPSED_TIME 1996
ELAPSED_TIME 1001
FPS: 5.89
ELAPSED_TIME 1027
FPS: 8.37
ELAPSED_TIME 983
ELAPSED_TIME 1070
FPS: 11.37
FPS: 11.49
ELAPSED_TIME 1011