ELAPSED_TIME 1002
ELAPSED_TIME 1334
FPS: 20.84
FPS: 15.58
ELAPSED_TIME 999
FPS: 24.12
ELAPSED_TIME 59
FPS: 23.99
FPS: 25.71
FPS: 20.88
ELAPSED_TIME 999
ELAPSED_TIME 1005
ELAPSED_TIME 907
FPS: 23.43
ELAPSED_TIME 1027
FPS: 22.50
ELAPSED_TIME 982
FPS: 21.26
ELAPSED_TIME 1009
FPS: 21.61
ELAPSED_TIME 999
FPS: 20.99
ELAPSED_TIME 996
FPS: 19.85
ELAPSED_TIME 914
ELAPSED_TIME 999
FPS: 15.19
FPS: 23.81
FPS: 20.96
FPS: 20.91
FPS: 14.12
ELAPSED_TIME 1047
ELAPSED_TIME 1004
ELAPSED_TIME 1497
ELAPSED_TIME 999
FPS: 20.68
ELAPSED_TIME 1003
ELAPSED_TIME 913
ELAPSED_TIME 1005
FPS: 21.50
ELAPSED_TIME 998
ELAPSED_TIME 998
ELAPSED_TIME 1107
ELAPSED_TIME 1002
ELAPSED_TIME 916
FPS: 22.31
ELAPSED_TIME 1004
FPS: 20.14
FPS: 21.09
ELAPSED_TIME 1024
FPS: 20.51
ELAPSED_TIME 1002
FPS: 24.86
ELAPSED_TIME 1061
ELAPSED_TIME 1005
ELAPSED_TIME 1004
FPS: 23.32
ELAPSED_TIME 960
ELAPSED_TIME 925
FPS: 25.22
ELAPSED_TIME 924
ELAPSED_TIME 1320
FPS: 20.70
FPS: 19.73
ELAPSED_TIME 1001
FPS: 20.42
ELAPSED_TIME 917
FPS: 21.53
ELAPSED_TIME 981
FPS: 20.75
ELAPSED_TIME 1000
ELAPSED_TIME 1017
ELAPSED_TIME 1010
FPS: 20.99
ELAPSED_TIME 983
ELAPSED_TIME 996
ELAPSED_TIME 1023
ELAPSED_TIME 1000
ELAPSED_TIME 1568
FPS: 24.72
ELAPSED_TIME 1013